<?xml version="1.0" encoding="UTF-8"?>
<!-- Generated by org.testng.reporters.JUnitReportReporter -->
<testsuite name="com.ja.test.ApproveRequestTest" tests="7" time="36.848" ignored="0" failures="0" timestamp="18 Dec 2018 18:46:14 GMT" skipped="0" hostname="NDI-LAP-790" errors="0">
  <testcase name="verifyTotalNumberOfCourseRequest" time="2.297" classname="com.ja.test.ApproveRequestTest"/>
  <testcase name="verifyRequestHeaderInApproveRequest" time="3.284" classname="com.ja.test.ApproveRequestTest"/>
  <testcase name="verifyTableHeader" time="2.272" classname="com.ja.test.ApproveRequestTest"/>
  <testcase name="verifyRequestFieldsTitle" time="2.165" classname="com.ja.test.ApproveRequestTest"/>
  <testcase name="verifyTableData" time="4.596" classname="com.ja.test.ApproveRequestTest"/>
  <testcase name="verifyPostAPIAndLogin" time="11.520" classname="com.ja.test.ApproveRequestTest"/>
  <testcase name="verifyCourseRequestApproved" time="10.714" classname="com.ja.test.ApproveRequestTest"/>
</testsuite> <!-- com.ja.test.ApproveRequestTest -->
