<?xml version="1.0" encoding="UTF-8"?>
<!-- Generated by org.testng.reporters.JUnitReportReporter -->
<testsuite name="com.ja.test.AccountLoginTest" tests="4" time="58.268" ignored="0" failures="0" timestamp="18 Dec 2018 18:46:14 GMT" skipped="0" hostname="NDI-LAP-790" errors="0">
  <testcase name="verifyloginWithValidCredentials" time="22.383" classname="com.ja.test.AccountLoginTest"/>
  <testcase name="verifyloginWithInValidCredentials" time="9.720" classname="com.ja.test.AccountLoginTest"/>
  <testcase name="verifyloginWithInValidCredentials" time="13.104" classname="com.ja.test.AccountLoginTest"/>
  <testcase name="verifyloginWithInValidCredentials" time="13.061" classname="com.ja.test.AccountLoginTest"/>
</testsuite> <!-- com.ja.test.AccountLoginTest -->
