<?xml version="1.0" encoding="UTF-8"?>
<!-- Generated by org.testng.reporters.JUnitReportReporter -->
<testsuite name="com.ja.test.ApproveRequestTest" tests="7" time="35.324" ignored="0" failures="0" timestamp="19 Dec 2018 19:48:51 GMT" skipped="0" hostname="NDI-LAP-790" errors="0">
  <testcase name="verifyTableData" time="4.380" classname="com.ja.test.ApproveRequestTest"/>
  <testcase name="verifyTableHeader" time="2.275" classname="com.ja.test.ApproveRequestTest"/>
  <testcase name="verifyCourseRequestApproved" time="10.469" classname="com.ja.test.ApproveRequestTest"/>
  <testcase name="verifyPostAPIAndLogin" time="10.878" classname="com.ja.test.ApproveRequestTest"/>
  <testcase name="verifyRequestHeaderInApproveRequest" time="2.970" classname="com.ja.test.ApproveRequestTest"/>
  <testcase name="verifyTotalNumberOfCourseRequest" time="2.205" classname="com.ja.test.ApproveRequestTest"/>
  <testcase name="verifyRequestFieldsTitle" time="2.147" classname="com.ja.test.ApproveRequestTest"/>
</testsuite> <!-- com.ja.test.ApproveRequestTest -->
