<?xml version="1.0" encoding="UTF-8"?>
<!-- Generated by org.testng.reporters.JUnitReportReporter -->
<testsuite name="com.ja.test.ApproveRequestTest" tests="7" time="35.972" ignored="0" failures="0" timestamp="19 Dec 2018 19:20:55 GMT" skipped="0" hostname="NDI-LAP-790" errors="0">
  <testcase name="verifyTableHeader" time="2.145" classname="com.ja.test.ApproveRequestTest"/>
  <testcase name="verifyRequestHeaderInApproveRequest" time="3.536" classname="com.ja.test.ApproveRequestTest"/>
  <testcase name="verifyTotalNumberOfCourseRequest" time="2.162" classname="com.ja.test.ApproveRequestTest"/>
  <testcase name="verifyTableData" time="4.339" classname="com.ja.test.ApproveRequestTest"/>
  <testcase name="verifyPostAPIAndLogin" time="11.266" classname="com.ja.test.ApproveRequestTest"/>
  <testcase name="verifyCourseRequestApproved" time="10.391" classname="com.ja.test.ApproveRequestTest"/>
  <testcase name="verifyRequestFieldsTitle" time="2.133" classname="com.ja.test.ApproveRequestTest"/>
</testsuite> <!-- com.ja.test.ApproveRequestTest -->
