<?xml version="1.0" encoding="UTF-8"?>
<!-- Generated by org.testng.reporters.JUnitReportReporter -->
<testsuite name="com.ja.test.AccountLoginTest" tests="4" time="54.829" ignored="0" failures="0" timestamp="19 Dec 2018 19:48:51 GMT" skipped="0" hostname="NDI-LAP-790" errors="0">
  <testcase name="verifyloginWithInValidCredentials" time="11.697" classname="com.ja.test.AccountLoginTest"/>
  <testcase name="verifyloginWithInValidCredentials" time="9.393" classname="com.ja.test.AccountLoginTest"/>
  <testcase name="verifyloginWithInValidCredentials" time="12.062" classname="com.ja.test.AccountLoginTest"/>
  <testcase name="verifyloginWithValidCredentials" time="21.677" classname="com.ja.test.AccountLoginTest"/>
</testsuite> <!-- com.ja.test.AccountLoginTest -->
